<?xml version="1.0" encoding="UTF-8"?>
<!-- Generated by org.testng.reporters.JUnitReportReporter -->
<testsuite hostname="ACER-PC" failures="0" tests="1" name="Basics.sumValidation" time="4.061" errors="0" timestamp="23 Jul 2021 09:15:41 GMT">
  <testcase classname="Basics.sumValidation" name="sumOFCourses" time="4.061"/>
</testsuite> <!-- Basics.sumValidation -->
