<?xml version="1.0" encoding="UTF-8"?>
<!-- Generated by org.testng.reporters.JUnitReportReporter -->
<testsuite hostname="ACER-PC" failures="0" tests="3" name="APITests.DynamicJson" time="8.217" errors="0" timestamp="23 Jul 2021 10:36:28 GMT">
  <testcase classname="APITests.DynamicJson" name="addBook" time="0.351"/>
  <testcase classname="APITests.DynamicJson" name="addBook" time="7.539"/>
  <testcase classname="APITests.DynamicJson" name="addBook" time="0.327"/>
</testsuite> <!-- APITests.DynamicJson -->
